[+] Containers:
 |- [+] Container: /Game/Corregir/Mapas/MainMap
 |   |- [+] ActorDescs:
 |   |   |- Guid:007F2C3A456741D08DD696BDFAD54AEE BaseClass: NativeClass:/Script/Engine.StaticMeshActor Name:StaticMeshActor_UAID_7C66EFF3D820416D02_1691825050 Label:Cube10 SpatiallyLoaded:1 Bounds:IsValid=true, Min=(X=1474.750 Y=-2050.000 Z=90.000), Max=(X=1665.250 Y=-1950.000 Z=190.000) RuntimeGrid:None EditorOnly:0 RuntimeOnly:0 HLODRelevant:1 ListedInSceneOutliner:1 IsMainWorldOnly:0
 |   |   |- Guid:03C885294E058235005969B16C330007 BaseClass: NativeClass:/Script/Engine.StaticMeshActor Name:StaticMeshActor_UAID_7C66EFF3D820416D02_1840788062 Label:Cone7 SpatiallyLoaded:1 Bounds:IsValid=true, Min=(X=1474.125 Y=254.125 Z=94.125), Max=(X=1565.875 Y=345.875 Z=185.875) RuntimeGrid:None EditorOnly:0 RuntimeOnly:0 HLODRelevant:1 ListedInSceneOutliner:1 IsMainWorldOnly:0
 |   |   |- Guid:0A4AE1CE42D0F5649EA7A3BB5AAFDF84 BaseClass: NativeClass:/Script/Engine.SkyAtmosphere Name:SkyAtmosphere_0 Label:SkyAtmosphere SpatiallyLoaded:0 Bounds:IsValid=true, Min=(X=0.000 Y=0.000 Z=1020.000), Max=(X=0.000 Y=0.000 Z=1020.000) RuntimeGrid:None EditorOnly:0 RuntimeOnly:0 HLODRelevant:0 ListedInSceneOutliner:1 IsMainWorldOnly:0 FolderPath:Lighting FolderGuid:963EC3EB4002CCE9759E2EBA541A873A
 |   |   |- Guid:0B6CCA3E4BB5EBD03382F39EE6333553 BaseClass:/Game/Corregir/Blueprints/Actors/BP_Cannon.BP_Cannon_C NativeClass:/Script/Engine.Actor Name:BP_Cannon_C_UAID_7C66EFF3D820536D02_2022493213 Label:BP_Cannon4 SpatiallyLoaded:1 Bounds:IsValid=true, Min=(X=1230.000 Y=-1580.000 Z=60.000), Max=(X=1470.000 Y=-1420.000 Z=220.000) RuntimeGrid:None EditorOnly:0 RuntimeOnly:0 HLODRelevant:0 ListedInSceneOutliner:1 IsMainWorldOnly:0
 |   |   |- Guid:11E149964327035E103F12AC2CC7E872 BaseClass:/Game/Corregir/Blueprints/Actors/BP_Cannon.BP_Cannon_C NativeClass:/Script/Engine.Actor Name:BP_Cannon_C_UAID_7C66EFF3D820536D02_2076221219 Label:BP_Cannon10 SpatiallyLoaded:1 Bounds:IsValid=true, Min=(X=310.000 Y=-2070.000 Z=60.000), Max=(X=550.000 Y=-1910.000 Z=220.000) RuntimeGrid:None EditorOnly:0 RuntimeOnly:0 HLODRelevant:0 ListedInSceneOutliner:1 IsMainWorldOnly:0
 |   |   |- Guid:16442F2444AB3ACF157CD1BC74408D83 BaseClass: NativeClass:/Script/Engine.StaticMeshActor Name:StaticMeshActor_UAID_7C66EFF3D820426D02_1097232252 Label:Cube23 SpatiallyLoaded:1 Bounds:IsValid=true, Min=(X=6043.750 Y=293.500 Z=580.000), Max=(X=6176.250 Y=1906.500 Z=2580.000) RuntimeGrid:None EditorOnly:0 RuntimeOnly:0 HLODRelevant:1 ListedInSceneOutliner:1 IsMainWorldOnly:0
 |   |   |- Guid:19107785413EE8FBE5E21DBAD686DA7F BaseClass: NativeClass:/Script/Engine.StaticMeshActor Name:StaticMeshActor_UAID_7C66EFF3D820416D02_1634338047 Label:Cube7 SpatiallyLoaded:1 Bounds:IsValid=true, Min=(X=1474.750 Y=-350.000 Z=90.000), Max=(X=1665.250 Y=-250.000 Z=190.000) RuntimeGrid:None EditorOnly:0 RuntimeOnly:0 HLODRelevant:1 ListedInSceneOutliner:1 IsMainWorldOnly:0
 |   |   |- Guid:1B40A42E4616E7083A9867A3F8D2841D BaseClass:/Game/Corregir/Blueprints/Actors/Bp_MovingPlatform.Bp_MovingPlatform_C NativeClass:/Script/Engine.Actor Name:Bp_MovingPlatform_C_UAID_7C66EFF3D8202A6F02_2024370104 Label:Bp_MovingPlatform SpatiallyLoaded:1 Bounds:IsValid=true, Min=(X=760.000 Y=1470.000 Z=24.000), Max=(X=1080.000 Y=1790.000 Z=40.000) RuntimeGrid:None EditorOnly:0 RuntimeOnly:0 HLODRelevant:0 ListedInSceneOutliner:1 IsMainWorldOnly:0
 |   |   |- Guid:1FE46A304C492CEE2E2E55AE49A942D7 BaseClass: NativeClass:/Script/Engine.DirectionalLight Name:DirectionalLight_0 Label:DirectionalLight SpatiallyLoaded:0 Bounds:Invalid RuntimeGrid:None EditorOnly:0 RuntimeOnly:0 HLODRelevant:0 ListedInSceneOutliner:1 IsMainWorldOnly:0 FolderPath:Lighting FolderGuid:963EC3EB4002CCE9759E2EBA541A873A
 |   |   |- Guid:219E02F74F534094397ACAABB645BD9E BaseClass: NativeClass:/Script/Engine.StaticMeshActor Name:StaticMeshActor_UAID_7C66EFF3D820416D02_1808626059 Label:Cone4 SpatiallyLoaded:1 Bounds:IsValid=true, Min=(X=224.125 Y=-1545.875 Z=94.125), Max=(X=315.875 Y=-1454.125 Z=185.875) RuntimeGrid:None EditorOnly:0 RuntimeOnly:0 HLODRelevant:1 ListedInSceneOutliner:1 IsMainWorldOnly:0
 |   |   |- Guid:219FB6B24BE78A51DAE5E3A98785E015 BaseClass: NativeClass:/Script/Engine.StaticMeshActor Name:StaticMeshActor_UAID_7C66EFF3D820416D02_1703261053 Label:Cube13 SpatiallyLoaded:1 Bounds:IsValid=true, Min=(X=124.750 Y=-950.000 Z=90.000), Max=(X=315.250 Y=-850.000 Z=190.000) RuntimeGrid:None EditorOnly:0 RuntimeOnly:0 HLODRelevant:1 ListedInSceneOutliner:1 IsMainWorldOnly:0
 |   |   |- Guid:220A70F146BCF79104463D97968230B1 BaseClass:/Game/Corregir/Blueprints/Actors/Bp_MovingPlatform.Bp_MovingPlatform_C NativeClass:/Script/Engine.Actor Name:Bp_MovingPlatform_C_UAID_7C66EFF3D8202A6F02_2082281105 Label:Bp_MovingPlatform2 SpatiallyLoaded:1 Bounds:IsValid=true, Min=(X=580.000 Y=1880.000 Z=154.000), Max=(X=900.000 Y=2200.000 Z=170.000) RuntimeGrid:None EditorOnly:0 RuntimeOnly:0 HLODRelevant:0 ListedInSceneOutliner:1 IsMainWorldOnly:0
 |   |   |- Guid:23E98D814A1B659BE740CE839814CCD0 BaseClass: NativeClass:/Script/Engine.StaticMeshActor Name:StaticMeshActor_UAID_7C66EFF3D820416D02_1859423065 Label:Cone10 SpatiallyLoaded:1 Bounds:IsValid=true, Min=(X=1474.125 Y=-2045.875 Z=94.125), Max=(X=1565.875 Y=-1954.125 Z=185.875) RuntimeGrid:None EditorOnly:0 RuntimeOnly:0 HLODRelevant:1 ListedInSceneOutliner:1 IsMainWorldOnly:0
 |   |   |- Guid:3971A8E343E5A16CD5EDA1BEB054BD72 BaseClass:/Game/Corregir/Blueprints/Actors/BP_Cannon.BP_Cannon_C NativeClass:/Script/Engine.Actor Name:BP_Cannon_C_UAID_7C66EFF3D820536D02_2076220218 Label:BP_Cannon9 SpatiallyLoaded:1 Bounds:IsValid=true, Min=(X=310.000 Y=-1570.000 Z=60.000), Max=(X=550.000 Y=-1410.000 Z=220.000) RuntimeGrid:None EditorOnly:0 RuntimeOnly:0 HLODRelevant:0 ListedInSceneOutliner:1 IsMainWorldOnly:0
 |   |   |- Guid:3AF78A1C45A93C9C3B4D9590C146866B BaseClass: NativeClass:/Script/Engine.VolumetricCloud Name:VolumetricCloud_0 Label:VolumetricCloud SpatiallyLoaded:0 Bounds:IsValid=true, Min=(X=0.000 Y=0.000 Z=820.000), Max=(X=0.000 Y=0.000 Z=820.000) RuntimeGrid:None EditorOnly:0 RuntimeOnly:0 HLODRelevant:0 ListedInSceneOutliner:1 IsMainWorldOnly:0 FolderPath:Lighting FolderGuid:963EC3EB4002CCE9759E2EBA541A873A
 |   |   |- Guid:3B793EC4419A5B3EA84AED96DA22B7FD BaseClass: NativeClass:/Script/Engine.StaticMeshActor Name:StaticMeshActor_UAID_7C66EFF3D820406D02_2075800863 Label:StaticMeshActor SpatiallyLoaded:1 Bounds:IsValid=true, Min=(X=3090.000 Y=230.000 Z=1170.000), Max=(X=3090.000 Y=230.000 Z=1170.000) RuntimeGrid:None EditorOnly:0 RuntimeOnly:0 HLODRelevant:0 ListedInSceneOutliner:1 IsMainWorldOnly:0
 |   |   |- Guid:3C9AAF934E2B0CAD7E9E4997A08D827C BaseClass: NativeClass:/Script/Engine.WorldDataLayers Name:WorldDataLayers Label:WorldDataLayers SpatiallyLoaded:0 Bounds:Invalid RuntimeGrid:None EditorOnly:0 RuntimeOnly:0 HLODRelevant:0 ListedInSceneOutliner:1 IsMainWorldOnly:1
 |   |   |- Guid:417A189D4973217513F2859F6A7C93D7 BaseClass: NativeClass:/Script/Engine.StaticMeshActor Name:StaticMeshActor_UAID_7C66EFF3D820416D02_1475022044 Label:Cube4 SpatiallyLoaded:1 Bounds:IsValid=true, Min=(X=499.625 Y=2916.375 Z=240.000), Max=(X=1360.375 Y=3203.625 Z=260.000) RuntimeGrid:None EditorOnly:0 RuntimeOnly:0 HLODRelevant:1 ListedInSceneOutliner:1 IsMainWorldOnly:0
 |   |   |- Guid:62AD18C143B1AF8249C4F295346CF298 BaseClass: NativeClass:/Script/Engine.StaticMeshActor Name:StaticMeshActor_UAID_7C66EFF3D820416D02_1684184049 Label:Cube9 SpatiallyLoaded:1 Bounds:IsValid=true, Min=(X=1474.750 Y=-1550.000 Z=90.000), Max=(X=1665.250 Y=-1450.000 Z=190.000) RuntimeGrid:None EditorOnly:0 RuntimeOnly:0 HLODRelevant:1 ListedInSceneOutliner:1 IsMainWorldOnly:0
 |   |   |- Guid:63BD7B774D8D20164777CE93D7838721 BaseClass: NativeClass:/Script/Engine.StaticMeshActor Name:StaticMeshActor_UAID_7C66EFF3D820416D02_1703263055 Label:Cube15 SpatiallyLoaded:1 Bounds:IsValid=true, Min=(X=124.750 Y=-2050.000 Z=90.000), Max=(X=315.250 Y=-1950.000 Z=190.000) RuntimeGrid:None EditorOnly:0 RuntimeOnly:0 HLODRelevant:1 ListedInSceneOutliner:1 IsMainWorldOnly:0
 |   |   |- Guid:6C92D8354BE24FB996F50189D79B9D1B BaseClass: NativeClass:/Script/Engine.StaticMeshActor Name:StaticMeshActor_UAID_7C66EFF3D820426D02_1080610251 Label:Cube22 SpatiallyLoaded:1 Bounds:IsValid=true, Min=(X=4553.500 Y=223.750 Z=580.000), Max=(X=6166.500 Y=356.250 Z=2580.000) RuntimeGrid:None EditorOnly:0 RuntimeOnly:0 HLODRelevant:1 ListedInSceneOutliner:1 IsMainWorldOnly:0
 |   |   |- Guid:6D8AD75B4C29A77758A4C59E302DE331 BaseClass: NativeClass:/Script/Engine.StaticMeshActor Name:StaticMeshActor_UAID_7C66EFF3D820416D02_1848511063 Label:Cone8 SpatiallyLoaded:1 Bounds:IsValid=true, Min=(X=1474.125 Y=-945.875 Z=94.125), Max=(X=1565.875 Y=-854.125 Z=185.875) RuntimeGrid:None EditorOnly:0 RuntimeOnly:0 HLODRelevant:1 ListedInSceneOutliner:1 IsMainWorldOnly:0
 |   |   |- Guid:72DF019F459474AEE31F58AC012FF503 BaseClass: NativeClass:/Script/Engine.StaticMeshActor Name:StaticMeshActor_UAID_7C66EFF3D820416D02_1703262054 Label:Cube14 SpatiallyLoaded:1 Bounds:IsValid=true, Min=(X=124.750 Y=-1550.000 Z=90.000), Max=(X=315.250 Y=-1450.000 Z=190.000) RuntimeGrid:None EditorOnly:0 RuntimeOnly:0 HLODRelevant:1 ListedInSceneOutliner:1 IsMainWorldOnly:0
 |   |   |- Guid:77D1727746C62CE647EA248DF52D4DBF BaseClass: NativeClass:/Script/Engine.TriggerSphere Name:TriggerSphere_UAID_7C66EFF3D820426D02_1335261253 Label:SP_Checkpoint SpatiallyLoaded:1 Bounds:IsValid=true, Min=(X=853.194 Y=1063.194 Z=13.194), Max=(X=946.806 Y=1156.806 Z=106.806) RuntimeGrid:None EditorOnly:0 RuntimeOnly:0 HLODRelevant:0 ListedInSceneOutliner:1 IsMainWorldOnly:0
 |   |   |- Guid:7DB1BA1E47EB33A720AD73AEA9CC016B BaseClass:/Game/Corregir/Blueprints/Actors/BP_Cannon.BP_Cannon_C NativeClass:/Script/Engine.Actor Name:BP_Cannon_C_UAID_7C66EFF3D820536D02_2031802214 Label:BP_Cannon5 SpatiallyLoaded:1 Bounds:IsValid=true, Min=(X=1230.000 Y=-2080.000 Z=60.000), Max=(X=1470.000 Y=-1920.000 Z=220.000) RuntimeGrid:None EditorOnly:0 RuntimeOnly:0 HLODRelevant:0 ListedInSceneOutliner:1 IsMainWorldOnly:0
 |   |   |- Guid:7DEE056D4B1CD52DC72A8794DF76B8F4 BaseClass: NativeClass:/Script/Engine.StaticMeshActor Name:StaticMeshActor_UAID_7C66EFF3D820416D02_1812754060 Label:Cone5 SpatiallyLoaded:1 Bounds:IsValid=true, Min=(X=224.125 Y=-2045.875 Z=94.125), Max=(X=315.875 Y=-1954.125 Z=185.875) RuntimeGrid:None EditorOnly:0 RuntimeOnly:0 HLODRelevant:1 ListedInSceneOutliner:1 IsMainWorldOnly:0
 |   |   |- Guid:7F4DA5EF4E182876B23EDF90B8FA4C42 BaseClass:/Game/Corregir/Blueprints/Actors/Bp_MovingPlatform.Bp_MovingPlatform_C NativeClass:/Script/Engine.Actor Name:Bp_MovingPlatform_C_UAID_7C66EFF3D8202A6F02_2088575106 Label:Bp_MovingPlatform3 SpatiallyLoaded:1 Bounds:IsValid=true, Min=(X=970.000 Y=2420.000 Z=234.000), Max=(X=1290.000 Y=2740.000 Z=250.000) RuntimeGrid:None EditorOnly:0 RuntimeOnly:0 HLODRelevant:0 ListedInSceneOutliner:1 IsMainWorldOnly:0
 |   |   |- Guid:897376694AFE806576E2208A82B3AC9A BaseClass: NativeClass:/Script/Engine.StaticMeshActor Name:StaticMeshActor_UAID_7C66EFF3D820416D02_1553140045 Label:Cube5 SpatiallyLoaded:1 Bounds:IsValid=true, Min=(X=559.375 Y=-2360.000 Z=-10.000), Max=(X=1300.625 Y=640.000 Z=10.000) RuntimeGrid:None EditorOnly:0 RuntimeOnly:0 HLODRelevant:1 ListedInSceneOutliner:1 IsMainWorldOnly:0
 |   |   |- Guid:8A775F214219680B0CB56D876C9CF899 BaseClass: NativeClass:/Script/Engine.StaticMeshActor Name:StaticMeshActor_UAID_7C66EFF3D820416D02_1703260052 Label:Cube12 SpatiallyLoaded:1 Bounds:IsValid=true, Min=(X=124.750 Y=-350.000 Z=90.000), Max=(X=315.250 Y=-250.000 Z=190.000) RuntimeGrid:None EditorOnly:0 RuntimeOnly:0 HLODRelevant:1 ListedInSceneOutliner:1 IsMainWorldOnly:0
 |   |   |- Guid:8EA8E2EC42ACE55CD306F0A02BB7A479 BaseClass:/Game/Corregir/Blueprints/Actors/Sp_Void_Blueprint.Sp_Void_Blueprint_C NativeClass:/Script/Engine.TriggerSphere Name:Sp_Void_Blueprint_C_UAID_7C66EFF3D820276F02_1593954575 Label:Sp_Void_Blueprint SpatiallyLoaded:1 Bounds:IsValid=true, Min=(X=-639130.000 Y=-640690.019 Z=-282.000), Max=(X=640870.000 Y=639310.019 Z=-218.000) RuntimeGrid:None EditorOnly:0 RuntimeOnly:0 HLODRelevant:0 ListedInSceneOutliner:1 IsMainWorldOnly:0
 |   |   |- Guid:90DA3D7341FA404974FA1CBBA9F31BC9 BaseClass: NativeClass:/Script/Engine.StaticMeshActor Name:StaticMeshActor_UAID_7C66EFF3D820416D02_2076602072 Label:Cube20 SpatiallyLoaded:1 Bounds:IsValid=true, Min=(X=4553.750 Y=293.500 Z=580.000), Max=(X=4686.250 Y=1906.500 Z=2580.000) RuntimeGrid:None EditorOnly:0 RuntimeOnly:0 HLODRelevant:1 ListedInSceneOutliner:1 IsMainWorldOnly:0
 |   |   |- Guid:950C282640C6B46085194289A6D92CD1 BaseClass:/Game/Corregir/Blueprints/Actors/BP_Cannon.BP_Cannon_C NativeClass:/Script/Engine.Actor Name:BP_Cannon_C_UAID_7C66EFF3D820536D02_1999818211 Label:BP_Cannon2 SpatiallyLoaded:1 Bounds:IsValid=true, Min=(X=1230.000 Y=-380.000 Z=60.000), Max=(X=1470.000 Y=-220.000 Z=220.000) RuntimeGrid:None EditorOnly:0 RuntimeOnly:0 HLODRelevant:0 ListedInSceneOutliner:1 IsMainWorldOnly:0
 |   |   |- Guid:A1C3945A4572A5E80EBF0E8BBAB077EE BaseClass: NativeClass:/Script/Engine.ExponentialHeightFog Name:ExponentialHeightFog_0 Label:ExponentialHeightFog SpatiallyLoaded:0 Bounds:IsValid=true, Min=(X=-5600.000 Y=-50.000 Z=-6850.000), Max=(X=-5600.000 Y=-50.000 Z=-6850.000) RuntimeGrid:None EditorOnly:0 RuntimeOnly:0 HLODRelevant:0 ListedInSceneOutliner:1 IsMainWorldOnly:0 FolderPath:Lighting FolderGuid:963EC3EB4002CCE9759E2EBA541A873A
 |   |   |- Guid:A378573D4705F7A5DF503F9203B7B17A BaseClass: NativeClass:/Script/Engine.StaticMeshActor Name:StaticMeshActor_UAID_7C66EFF3D820416D02_1821149061 Label:Cone6 SpatiallyLoaded:1 Bounds:IsValid=true, Min=(X=1474.125 Y=-345.875 Z=94.125), Max=(X=1565.875 Y=-254.125 Z=185.875) RuntimeGrid:None EditorOnly:0 RuntimeOnly:0 HLODRelevant:1 ListedInSceneOutliner:1 IsMainWorldOnly:0
 |   |   |- Guid:B33C6F184450C929FFD316B4FC5F1914 BaseClass: NativeClass:/Script/Engine.StaticMeshActor Name:StaticMeshActor_UAID_A4AE111137DC5EFB00_1110535423 Label:SM_SkySphere SpatiallyLoaded:0 Bounds:IsValid=true, Min=(X=-1638400.000 Y=-1638750.000 Z=-1638400.000), Max=(X=1638400.000 Y=1638050.000 Z=1638400.000) RuntimeGrid:None EditorOnly:0 RuntimeOnly:0 HLODRelevant:0 ListedInSceneOutliner:1 IsMainWorldOnly:0 FolderPath:Lighting FolderGuid:963EC3EB4002CCE9759E2EBA541A873A
 |   |   |- Guid:B4FC92D04BEF7F53BEE86EAF7B7FC458 BaseClass: NativeClass:/Script/Engine.StaticMeshActor Name:StaticMeshActor_UAID_7C66EFF3D820416D02_1892920066 Label:Cube16 SpatiallyLoaded:1 Bounds:IsValid=true, Min=(X=637.375 Y=-3152.625 Z=90.492), Max=(X=1222.625 Y=-2567.375 Z=129.508) RuntimeGrid:None EditorOnly:0 RuntimeOnly:0 HLODRelevant:1 ListedInSceneOutliner:1 IsMainWorldOnly:0
 |   |   |- Guid:B67BD3D14BCEA0E9671870AF3CA3CC03 BaseClass: NativeClass:/Script/Engine.StaticMeshActor Name:StaticMeshActor_UAID_7C66EFF3D820416D02_1920077067 Label:Cube17 SpatiallyLoaded:1 Bounds:IsValid=true, Min=(X=637.375 Y=-4112.625 Z=90.492), Max=(X=1222.625 Y=-3527.375 Z=129.508) RuntimeGrid:None EditorOnly:0 RuntimeOnly:0 HLODRelevant:1 ListedInSceneOutliner:1 IsMainWorldOnly:0
 |   |   |- Guid:B87F1A2B416DC0360DE87B970003C460 BaseClass: NativeClass:/Script/Engine.PlayerStart Name:PlayerStart_0 Label:PlayerStart SpatiallyLoaded:0 Bounds:IsValid=true, Min=(X=860.000 Y=1070.000 Z=170.013), Max=(X=940.000 Y=1150.000 Z=354.013) RuntimeGrid:None EditorOnly:0 RuntimeOnly:0 HLODRelevant:0 ListedInSceneOutliner:1 IsMainWorldOnly:0
 |   |   |- Guid:BC4B984044836B7A699F33A34DFB41FA BaseClass: NativeClass:/Script/Engine.StaticMeshActor Name:StaticMeshActor_UAID_7C66EFF3D820416D02_2048460071 Label:Cube19 SpatiallyLoaded:1 Bounds:IsValid=true, Min=(X=3679.875 Y=-390.000 Z=580.000), Max=(X=6180.125 Y=2610.000 Z=600.000) RuntimeGrid:None EditorOnly:0 RuntimeOnly:0 HLODRelevant:1 ListedInSceneOutliner:1 IsMainWorldOnly:0
 |   |   |- Guid:C41AF4424F65C69CE6CB05AF56B09A5C BaseClass: NativeClass:/Script/Engine.StaticMeshActor Name:StaticMeshActor_UAID_7C66EFF3D820416D02_1797016057 Label:Cone2 SpatiallyLoaded:1 Bounds:IsValid=true, Min=(X=224.125 Y=-345.875 Z=94.125), Max=(X=315.875 Y=-254.125 Z=185.875) RuntimeGrid:None EditorOnly:0 RuntimeOnly:0 HLODRelevant:1 ListedInSceneOutliner:1 IsMainWorldOnly:0
 |   |   |- Guid:C621EE33448B5739B08785996A56FD01 BaseClass: NativeClass:/Script/Engine.StaticMeshActor Name:StaticMeshActor_UAID_7C66EFF3D820416D02_1751246056 Label:Cone SpatiallyLoaded:1 Bounds:IsValid=true, Min=(X=224.125 Y=254.125 Z=94.125), Max=(X=315.875 Y=345.875 Z=185.875) RuntimeGrid:None EditorOnly:0 RuntimeOnly:0 HLODRelevant:1 ListedInSceneOutliner:1 IsMainWorldOnly:0
 |   |   |- Guid:C638C3864E8ACBFC15F5A197F873B38B BaseClass:/Game/Corregir/Blueprints/Actors/BP_Jetpack.BP_Jetpack_C NativeClass:/Script/Engine.Actor Name:BP_Jetpack_C_UAID_7C66EFF3D8204C6D02_1357370975 Label:BP_Jetpack SpatiallyLoaded:1 Bounds:IsValid=true, Min=(X=844.104 Y=3004.104 Z=254.104), Max=(X=1035.896 Y=3195.896 Z=445.896) RuntimeGrid:None EditorOnly:0 RuntimeOnly:0 HLODRelevant:0 ListedInSceneOutliner:1 IsMainWorldOnly:0
 |   |   |- Guid:CC65641947777CDFCEC32286412BF042 BaseClass:/Game/Corregir/Blueprints/Actors/BP_Cannon.BP_Cannon_C NativeClass:/Script/Engine.Actor Name:BP_Cannon_C_UAID_7C66EFF3D820536D02_2017288212 Label:BP_Cannon3 SpatiallyLoaded:1 Bounds:IsValid=true, Min=(X=1230.000 Y=-980.000 Z=60.000), Max=(X=1470.000 Y=-820.000 Z=220.000) RuntimeGrid:None EditorOnly:0 RuntimeOnly:0 HLODRelevant:0 ListedInSceneOutliner:1 IsMainWorldOnly:0
 |   |   |- Guid:CD36D16346A2FF86425759890DBD2B11 BaseClass: NativeClass:/Script/Engine.StaticMeshActor Name:StaticMeshActor_UAID_7C66EFF3D820416D02_1091481040 Label:Plane SpatiallyLoaded:1 Bounds:IsValid=true, Min=(X=744.000 Y=954.000 Z=-0.000), Max=(X=1056.000 Y=1266.000 Z=0.000) RuntimeGrid:None EditorOnly:0 RuntimeOnly:0 HLODRelevant:1 ListedInSceneOutliner:1 IsMainWorldOnly:0
 |   |   |- Guid:D43FC0704C7175C83DECB192D13813A2 BaseClass: NativeClass:/Script/Engine.StaticMeshActor Name:StaticMeshActor_UAID_7C66EFF3D820416D02_2140499074 Label:Cube21 SpatiallyLoaded:1 Bounds:IsValid=true, Min=(X=4553.500 Y=1773.750 Z=580.000), Max=(X=6166.500 Y=1906.250 Z=2580.000) RuntimeGrid:None EditorOnly:0 RuntimeOnly:0 HLODRelevant:1 ListedInSceneOutliner:1 IsMainWorldOnly:0
 |   |   |- Guid:D73CD7014FCF92DD56D843A27E701149 BaseClass: NativeClass:/Script/Engine.SkyLight Name:SkyLight_1 Label:SkyLight SpatiallyLoaded:0 Bounds:IsValid=true, Min=(X=0.000 Y=0.000 Z=690.000), Max=(X=0.000 Y=0.000 Z=690.000) RuntimeGrid:None EditorOnly:0 RuntimeOnly:0 HLODRelevant:0 ListedInSceneOutliner:1 IsMainWorldOnly:0 FolderPath:Lighting FolderGuid:963EC3EB4002CCE9759E2EBA541A873A
 |   |   |- Guid:D8F0B34247AFF2AF1FE8FCA1A7064390 BaseClass:/Game/Corregir/Blueprints/Actors/BP_Cannon.BP_Cannon_C NativeClass:/Script/Engine.Actor Name:BP_Cannon_C_UAID_7C66EFF3D820536D02_2076215215 Label:BP_Cannon6 SpatiallyLoaded:1 Bounds:IsValid=true, Min=(X=310.000 Y=218.470 Z=48.470), Max=(X=550.000 Y=401.530 Z=231.530) RuntimeGrid:None EditorOnly:0 RuntimeOnly:0 HLODRelevant:0 ListedInSceneOutliner:1 IsMainWorldOnly:0
 |   |   |- Guid:D96FAF49427CB95FC8BA0981664D7D9A BaseClass: NativeClass:/Script/Engine.StaticMeshActor Name:StaticMeshActor_UAID_7C66EFF3D820416D02_1703258051 Label:Cube11 SpatiallyLoaded:1 Bounds:IsValid=true, Min=(X=124.750 Y=250.000 Z=90.000), Max=(X=315.250 Y=350.000 Z=190.000) RuntimeGrid:None EditorOnly:0 RuntimeOnly:0 HLODRelevant:1 ListedInSceneOutliner:1 IsMainWorldOnly:0
 |   |   |- Guid:DC61D60B45D65C28CCEB2192826409E8 BaseClass:/Game/Corregir/Blueprints/Actors/BP_Cannon.BP_Cannon_C NativeClass:/Script/Engine.Actor Name:BP_Cannon_C_UAID_7C66EFF3D820536D02_2076218216 Label:BP_Cannon7 SpatiallyLoaded:1 Bounds:IsValid=true, Min=(X=310.000 Y=-370.000 Z=60.000), Max=(X=550.000 Y=-210.000 Z=220.000) RuntimeGrid:None EditorOnly:0 RuntimeOnly:0 HLODRelevant:0 ListedInSceneOutliner:1 IsMainWorldOnly:0
 |   |   |- Guid:DD9D19784E4BF55CB1AC57B02A976307 BaseClass: NativeClass:/Script/Engine.StaticMeshActor Name:StaticMeshActor_UAID_7C66EFF3D820416D02_1954738068 Label:Cube18 SpatiallyLoaded:1 Bounds:IsValid=true, Min=(X=499.625 Y=-4793.625 Z=100.000), Max=(X=1360.375 Y=-4506.375 Z=120.000) RuntimeGrid:None EditorOnly:0 RuntimeOnly:0 HLODRelevant:1 ListedInSceneOutliner:1 IsMainWorldOnly:0
 |   |   |- Guid:E2C3C4AE43E5BB8C6FF0DEBAE2E6B815 BaseClass:/Game/Corregir/Blueprints/Actors/BP_Cannon.BP_Cannon_C NativeClass:/Script/Engine.Actor Name:BP_Cannon_C_UAID_7C66EFF3D820536D02_2076219217 Label:BP_Cannon8 SpatiallyLoaded:1 Bounds:IsValid=true, Min=(X=310.000 Y=-970.000 Z=60.000), Max=(X=550.000 Y=-810.000 Z=220.000) RuntimeGrid:None EditorOnly:0 RuntimeOnly:0 HLODRelevant:0 ListedInSceneOutliner:1 IsMainWorldOnly:0
 |   |   |- Guid:E6D1A6D14CFB56EEBD7D36A839775180 BaseClass: NativeClass:/Script/Engine.StaticMeshActor Name:StaticMeshActor_UAID_7C66EFF3D820416D02_1664055048 Label:Cube8 SpatiallyLoaded:1 Bounds:IsValid=true, Min=(X=1474.750 Y=-950.000 Z=90.000), Max=(X=1665.250 Y=-850.000 Z=190.000) RuntimeGrid:None EditorOnly:0 RuntimeOnly:0 HLODRelevant:1 ListedInSceneOutliner:1 IsMainWorldOnly:0
 |   |   |- Guid:EDC344F84D54FF4B44C7DA8DD8EB5B1D BaseClass: NativeClass:/Script/Engine.StaticMeshActor Name:StaticMeshActor_UAID_7C66EFF3D820416D02_1998093069 Label:Cylinder SpatiallyLoaded:1 Bounds:IsValid=true, Min=(X=1591.571 Y=940.150 Z=241.968), Max=(X=1991.571 Y=1340.150 Z=266.468) RuntimeGrid:None EditorOnly:0 RuntimeOnly:0 HLODRelevant:1 ListedInSceneOutliner:1 IsMainWorldOnly:0
 |   |   |- Guid:F092A03043DA26444647A0B0A5345CC3 BaseClass: NativeClass:/Script/Engine.StaticMeshActor Name:StaticMeshActor_UAID_7C66EFF3D820416D02_1611214046 Label:Cube6 SpatiallyLoaded:1 Bounds:IsValid=true, Min=(X=1474.750 Y=250.000 Z=90.000), Max=(X=1665.250 Y=350.000 Z=190.000) RuntimeGrid:None EditorOnly:0 RuntimeOnly:0 HLODRelevant:1 ListedInSceneOutliner:1 IsMainWorldOnly:0
 |   |   |- Guid:F106DCB8419D96CC7D815AB5BC1F1C1D BaseClass:/Game/Corregir/Blueprints/Actors/BP_RunningBoots.BP_RunningBoots_C NativeClass:/Script/Engine.Actor Name:BP_RunningBoots_C_UAID_7C66EFF3D820466D02_1852993959 Label:BP_RunningBoots SpatiallyLoaded:1 Bounds:IsValid=true, Min=(X=917.604 Y=-4722.396 Z=137.604), Max=(X=962.396 Y=-4677.604 Z=182.396) RuntimeGrid:None EditorOnly:0 RuntimeOnly:0 HLODRelevant:0 ListedInSceneOutliner:1 IsMainWorldOnly:0
 |   |   |- Guid:F228178D404927E25DF2B88745DC3EA1 BaseClass:/Game/Corregir/Blueprints/Actors/BP_Cannon.BP_Cannon_C NativeClass:/Script/Engine.Actor Name:BP_Cannon_C_UAID_7C66EFF3D820536D02_1964551210 Label:BP_Cannon SpatiallyLoaded:1 Bounds:IsValid=true, Min=(X=1230.000 Y=220.000 Z=60.000), Max=(X=1470.000 Y=380.000 Z=220.000) RuntimeGrid:None EditorOnly:0 RuntimeOnly:0 HLODRelevant:0 ListedInSceneOutliner:1 IsMainWorldOnly:0
 |   |   |- Guid:F5FAD6004DA5A13DBFBCD9B8892FCD3F BaseClass: NativeClass:/Script/Engine.PostProcessVolume Name:PostProcessVolume_0 Label:PostProcessVolume SpatiallyLoaded:0 Bounds:IsValid=true, Min=(X=0.000 Y=0.000 Z=400.000), Max=(X=200.000 Y=200.000 Z=600.000) RuntimeGrid:None EditorOnly:0 RuntimeOnly:0 HLODRelevant:0 ListedInSceneOutliner:1 IsMainWorldOnly:0 FolderPath:Lighting FolderGuid:963EC3EB4002CCE9759E2EBA541A873A
 |   |   |- Guid:F89C82B14D69572EE6E4C8A47BA226CC BaseClass: NativeClass:/Script/Engine.StaticMeshActor Name:StaticMeshActor_UAID_7C66EFF3D820416D02_2036416070 Label:Cylinder2 SpatiallyLoaded:1 Bounds:IsValid=true, Min=(X=2751.571 Y=940.150 Z=241.968), Max=(X=3151.571 Y=1340.150 Z=266.468) RuntimeGrid:None EditorOnly:0 RuntimeOnly:0 HLODRelevant:1 ListedInSceneOutliner:1 IsMainWorldOnly:0
 |   |   |- Guid:F9261A6C4EEDA1FB645137BB32E364AA BaseClass: NativeClass:/Script/Engine.StaticMeshActor Name:StaticMeshActor_UAID_7C66EFF3D820416D02_1855143064 Label:Cone9 SpatiallyLoaded:1 Bounds:IsValid=true, Min=(X=1474.125 Y=-1545.875 Z=94.125), Max=(X=1565.875 Y=-1454.125 Z=185.875) RuntimeGrid:None EditorOnly:0 RuntimeOnly:0 HLODRelevant:1 ListedInSceneOutliner:1 IsMainWorldOnly:0
 |   |   |- Guid:FD63FDBE4F8E56693F917E8857B53CFF BaseClass: NativeClass:/Script/Engine.StaticMeshActor Name:StaticMeshActor_UAID_7C66EFF3D820416D02_1804005058 Label:Cone3 SpatiallyLoaded:1 Bounds:IsValid=true, Min=(X=224.125 Y=-945.875 Z=94.125), Max=(X=315.875 Y=-854.125 Z=185.875) RuntimeGrid:None EditorOnly:0 RuntimeOnly:0 HLODRelevant:1 ListedInSceneOutliner:1 IsMainWorldOnly:0
 |   |- [+] Clusters:
 |   |   |- [+] [  0]
 |   |   |   |- Guid:007F2C3A456741D08DD696BDFAD54AEE BaseClass: NativeClass:/Script/Engine.StaticMeshActor Name:StaticMeshActor_UAID_7C66EFF3D820416D02_1691825050 Label:Cube10 SpatiallyLoaded:1 Bounds:IsValid=true, Min=(X=1474.750 Y=-2050.000 Z=90.000), Max=(X=1665.250 Y=-1950.000 Z=190.000) RuntimeGrid:None EditorOnly:0 RuntimeOnly:0 HLODRelevant:1 ListedInSceneOutliner:1 IsMainWorldOnly:0
 |   |   |- [+] [  1]
 |   |   |   |- Guid:03C885294E058235005969B16C330007 BaseClass: NativeClass:/Script/Engine.StaticMeshActor Name:StaticMeshActor_UAID_7C66EFF3D820416D02_1840788062 Label:Cone7 SpatiallyLoaded:1 Bounds:IsValid=true, Min=(X=1474.125 Y=254.125 Z=94.125), Max=(X=1565.875 Y=345.875 Z=185.875) RuntimeGrid:None EditorOnly:0 RuntimeOnly:0 HLODRelevant:1 ListedInSceneOutliner:1 IsMainWorldOnly:0
 |   |   |- [+] [  2]
 |   |   |   |- Guid:0A4AE1CE42D0F5649EA7A3BB5AAFDF84 BaseClass: NativeClass:/Script/Engine.SkyAtmosphere Name:SkyAtmosphere_0 Label:SkyAtmosphere SpatiallyLoaded:0 Bounds:IsValid=true, Min=(X=0.000 Y=0.000 Z=1020.000), Max=(X=0.000 Y=0.000 Z=1020.000) RuntimeGrid:None EditorOnly:0 RuntimeOnly:0 HLODRelevant:0 ListedInSceneOutliner:1 IsMainWorldOnly:0 FolderPath:Lighting FolderGuid:963EC3EB4002CCE9759E2EBA541A873A
 |   |   |- [+] [  3]
 |   |   |   |- Guid:0B6CCA3E4BB5EBD03382F39EE6333553 BaseClass:/Game/Corregir/Blueprints/Actors/BP_Cannon.BP_Cannon_C NativeClass:/Script/Engine.Actor Name:BP_Cannon_C_UAID_7C66EFF3D820536D02_2022493213 Label:BP_Cannon4 SpatiallyLoaded:1 Bounds:IsValid=true, Min=(X=1230.000 Y=-1580.000 Z=60.000), Max=(X=1470.000 Y=-1420.000 Z=220.000) RuntimeGrid:None EditorOnly:0 RuntimeOnly:0 HLODRelevant:0 ListedInSceneOutliner:1 IsMainWorldOnly:0
 |   |   |- [+] [  4]
 |   |   |   |- Guid:11E149964327035E103F12AC2CC7E872 BaseClass:/Game/Corregir/Blueprints/Actors/BP_Cannon.BP_Cannon_C NativeClass:/Script/Engine.Actor Name:BP_Cannon_C_UAID_7C66EFF3D820536D02_2076221219 Label:BP_Cannon10 SpatiallyLoaded:1 Bounds:IsValid=true, Min=(X=310.000 Y=-2070.000 Z=60.000), Max=(X=550.000 Y=-1910.000 Z=220.000) RuntimeGrid:None EditorOnly:0 RuntimeOnly:0 HLODRelevant:0 ListedInSceneOutliner:1 IsMainWorldOnly:0
 |   |   |- [+] [  5]
 |   |   |   |- Guid:16442F2444AB3ACF157CD1BC74408D83 BaseClass: NativeClass:/Script/Engine.StaticMeshActor Name:StaticMeshActor_UAID_7C66EFF3D820426D02_1097232252 Label:Cube23 SpatiallyLoaded:1 Bounds:IsValid=true, Min=(X=6043.750 Y=293.500 Z=580.000), Max=(X=6176.250 Y=1906.500 Z=2580.000) RuntimeGrid:None EditorOnly:0 RuntimeOnly:0 HLODRelevant:1 ListedInSceneOutliner:1 IsMainWorldOnly:0
 |   |   |- [+] [  6]
 |   |   |   |- Guid:19107785413EE8FBE5E21DBAD686DA7F BaseClass: NativeClass:/Script/Engine.StaticMeshActor Name:StaticMeshActor_UAID_7C66EFF3D820416D02_1634338047 Label:Cube7 SpatiallyLoaded:1 Bounds:IsValid=true, Min=(X=1474.750 Y=-350.000 Z=90.000), Max=(X=1665.250 Y=-250.000 Z=190.000) RuntimeGrid:None EditorOnly:0 RuntimeOnly:0 HLODRelevant:1 ListedInSceneOutliner:1 IsMainWorldOnly:0
 |   |   |- [+] [  7]
 |   |   |   |- Guid:1B40A42E4616E7083A9867A3F8D2841D BaseClass:/Game/Corregir/Blueprints/Actors/Bp_MovingPlatform.Bp_MovingPlatform_C NativeClass:/Script/Engine.Actor Name:Bp_MovingPlatform_C_UAID_7C66EFF3D8202A6F02_2024370104 Label:Bp_MovingPlatform SpatiallyLoaded:1 Bounds:IsValid=true, Min=(X=760.000 Y=1470.000 Z=24.000), Max=(X=1080.000 Y=1790.000 Z=40.000) RuntimeGrid:None EditorOnly:0 RuntimeOnly:0 HLODRelevant:0 ListedInSceneOutliner:1 IsMainWorldOnly:0
 |   |   |- [+] [  8]
 |   |   |   |- Guid:1FE46A304C492CEE2E2E55AE49A942D7 BaseClass: NativeClass:/Script/Engine.DirectionalLight Name:DirectionalLight_0 Label:DirectionalLight SpatiallyLoaded:0 Bounds:Invalid RuntimeGrid:None EditorOnly:0 RuntimeOnly:0 HLODRelevant:0 ListedInSceneOutliner:1 IsMainWorldOnly:0 FolderPath:Lighting FolderGuid:963EC3EB4002CCE9759E2EBA541A873A
 |   |   |- [+] [  9]
 |   |   |   |- Guid:219E02F74F534094397ACAABB645BD9E BaseClass: NativeClass:/Script/Engine.StaticMeshActor Name:StaticMeshActor_UAID_7C66EFF3D820416D02_1808626059 Label:Cone4 SpatiallyLoaded:1 Bounds:IsValid=true, Min=(X=224.125 Y=-1545.875 Z=94.125), Max=(X=315.875 Y=-1454.125 Z=185.875) RuntimeGrid:None EditorOnly:0 RuntimeOnly:0 HLODRelevant:1 ListedInSceneOutliner:1 IsMainWorldOnly:0
 |   |   |- [+] [ 10]
 |   |   |   |- Guid:219FB6B24BE78A51DAE5E3A98785E015 BaseClass: NativeClass:/Script/Engine.StaticMeshActor Name:StaticMeshActor_UAID_7C66EFF3D820416D02_1703261053 Label:Cube13 SpatiallyLoaded:1 Bounds:IsValid=true, Min=(X=124.750 Y=-950.000 Z=90.000), Max=(X=315.250 Y=-850.000 Z=190.000) RuntimeGrid:None EditorOnly:0 RuntimeOnly:0 HLODRelevant:1 ListedInSceneOutliner:1 IsMainWorldOnly:0
 |   |   |- [+] [ 11]
 |   |   |   |- Guid:220A70F146BCF79104463D97968230B1 BaseClass:/Game/Corregir/Blueprints/Actors/Bp_MovingPlatform.Bp_MovingPlatform_C NativeClass:/Script/Engine.Actor Name:Bp_MovingPlatform_C_UAID_7C66EFF3D8202A6F02_2082281105 Label:Bp_MovingPlatform2 SpatiallyLoaded:1 Bounds:IsValid=true, Min=(X=580.000 Y=1880.000 Z=154.000), Max=(X=900.000 Y=2200.000 Z=170.000) RuntimeGrid:None EditorOnly:0 RuntimeOnly:0 HLODRelevant:0 ListedInSceneOutliner:1 IsMainWorldOnly:0
 |   |   |- [+] [ 12]
 |   |   |   |- Guid:23E98D814A1B659BE740CE839814CCD0 BaseClass: NativeClass:/Script/Engine.StaticMeshActor Name:StaticMeshActor_UAID_7C66EFF3D820416D02_1859423065 Label:Cone10 SpatiallyLoaded:1 Bounds:IsValid=true, Min=(X=1474.125 Y=-2045.875 Z=94.125), Max=(X=1565.875 Y=-1954.125 Z=185.875) RuntimeGrid:None EditorOnly:0 RuntimeOnly:0 HLODRelevant:1 ListedInSceneOutliner:1 IsMainWorldOnly:0
 |   |   |- [+] [ 13]
 |   |   |   |- Guid:3971A8E343E5A16CD5EDA1BEB054BD72 BaseClass:/Game/Corregir/Blueprints/Actors/BP_Cannon.BP_Cannon_C NativeClass:/Script/Engine.Actor Name:BP_Cannon_C_UAID_7C66EFF3D820536D02_2076220218 Label:BP_Cannon9 SpatiallyLoaded:1 Bounds:IsValid=true, Min=(X=310.000 Y=-1570.000 Z=60.000), Max=(X=550.000 Y=-1410.000 Z=220.000) RuntimeGrid:None EditorOnly:0 RuntimeOnly:0 HLODRelevant:0 ListedInSceneOutliner:1 IsMainWorldOnly:0
 |   |   |- [+] [ 14]
 |   |   |   |- Guid:3AF78A1C45A93C9C3B4D9590C146866B BaseClass: NativeClass:/Script/Engine.VolumetricCloud Name:VolumetricCloud_0 Label:VolumetricCloud SpatiallyLoaded:0 Bounds:IsValid=true, Min=(X=0.000 Y=0.000 Z=820.000), Max=(X=0.000 Y=0.000 Z=820.000) RuntimeGrid:None EditorOnly:0 RuntimeOnly:0 HLODRelevant:0 ListedInSceneOutliner:1 IsMainWorldOnly:0 FolderPath:Lighting FolderGuid:963EC3EB4002CCE9759E2EBA541A873A
 |   |   |- [+] [ 15]
 |   |   |   |- Guid:3B793EC4419A5B3EA84AED96DA22B7FD BaseClass: NativeClass:/Script/Engine.StaticMeshActor Name:StaticMeshActor_UAID_7C66EFF3D820406D02_2075800863 Label:StaticMeshActor SpatiallyLoaded:1 Bounds:IsValid=true, Min=(X=3090.000 Y=230.000 Z=1170.000), Max=(X=3090.000 Y=230.000 Z=1170.000) RuntimeGrid:None EditorOnly:0 RuntimeOnly:0 HLODRelevant:0 ListedInSceneOutliner:1 IsMainWorldOnly:0
 |   |   |- [+] [ 16]
 |   |   |   |- Guid:3C9AAF934E2B0CAD7E9E4997A08D827C BaseClass: NativeClass:/Script/Engine.WorldDataLayers Name:WorldDataLayers Label:WorldDataLayers SpatiallyLoaded:0 Bounds:Invalid RuntimeGrid:None EditorOnly:0 RuntimeOnly:0 HLODRelevant:0 ListedInSceneOutliner:1 IsMainWorldOnly:1
 |   |   |- [+] [ 17]
 |   |   |   |- Guid:417A189D4973217513F2859F6A7C93D7 BaseClass: NativeClass:/Script/Engine.StaticMeshActor Name:StaticMeshActor_UAID_7C66EFF3D820416D02_1475022044 Label:Cube4 SpatiallyLoaded:1 Bounds:IsValid=true, Min=(X=499.625 Y=2916.375 Z=240.000), Max=(X=1360.375 Y=3203.625 Z=260.000) RuntimeGrid:None EditorOnly:0 RuntimeOnly:0 HLODRelevant:1 ListedInSceneOutliner:1 IsMainWorldOnly:0
 |   |   |- [+] [ 18]
 |   |   |   |- Guid:62AD18C143B1AF8249C4F295346CF298 BaseClass: NativeClass:/Script/Engine.StaticMeshActor Name:StaticMeshActor_UAID_7C66EFF3D820416D02_1684184049 Label:Cube9 SpatiallyLoaded:1 Bounds:IsValid=true, Min=(X=1474.750 Y=-1550.000 Z=90.000), Max=(X=1665.250 Y=-1450.000 Z=190.000) RuntimeGrid:None EditorOnly:0 RuntimeOnly:0 HLODRelevant:1 ListedInSceneOutliner:1 IsMainWorldOnly:0
 |   |   |- [+] [ 19]
 |   |   |   |- Guid:63BD7B774D8D20164777CE93D7838721 BaseClass: NativeClass:/Script/Engine.StaticMeshActor Name:StaticMeshActor_UAID_7C66EFF3D820416D02_1703263055 Label:Cube15 SpatiallyLoaded:1 Bounds:IsValid=true, Min=(X=124.750 Y=-2050.000 Z=90.000), Max=(X=315.250 Y=-1950.000 Z=190.000) RuntimeGrid:None EditorOnly:0 RuntimeOnly:0 HLODRelevant:1 ListedInSceneOutliner:1 IsMainWorldOnly:0
 |   |   |- [+] [ 20]
 |   |   |   |- Guid:6C92D8354BE24FB996F50189D79B9D1B BaseClass: NativeClass:/Script/Engine.StaticMeshActor Name:StaticMeshActor_UAID_7C66EFF3D820426D02_1080610251 Label:Cube22 SpatiallyLoaded:1 Bounds:IsValid=true, Min=(X=4553.500 Y=223.750 Z=580.000), Max=(X=6166.500 Y=356.250 Z=2580.000) RuntimeGrid:None EditorOnly:0 RuntimeOnly:0 HLODRelevant:1 ListedInSceneOutliner:1 IsMainWorldOnly:0
 |   |   |- [+] [ 21]
 |   |   |   |- Guid:6D8AD75B4C29A77758A4C59E302DE331 BaseClass: NativeClass:/Script/Engine.StaticMeshActor Name:StaticMeshActor_UAID_7C66EFF3D820416D02_1848511063 Label:Cone8 SpatiallyLoaded:1 Bounds:IsValid=true, Min=(X=1474.125 Y=-945.875 Z=94.125), Max=(X=1565.875 Y=-854.125 Z=185.875) RuntimeGrid:None EditorOnly:0 RuntimeOnly:0 HLODRelevant:1 ListedInSceneOutliner:1 IsMainWorldOnly:0
 |   |   |- [+] [ 22]
 |   |   |   |- Guid:72DF019F459474AEE31F58AC012FF503 BaseClass: NativeClass:/Script/Engine.StaticMeshActor Name:StaticMeshActor_UAID_7C66EFF3D820416D02_1703262054 Label:Cube14 SpatiallyLoaded:1 Bounds:IsValid=true, Min=(X=124.750 Y=-1550.000 Z=90.000), Max=(X=315.250 Y=-1450.000 Z=190.000) RuntimeGrid:None EditorOnly:0 RuntimeOnly:0 HLODRelevant:1 ListedInSceneOutliner:1 IsMainWorldOnly:0
 |   |   |- [+] [ 23]
 |   |   |   |- Guid:77D1727746C62CE647EA248DF52D4DBF BaseClass: NativeClass:/Script/Engine.TriggerSphere Name:TriggerSphere_UAID_7C66EFF3D820426D02_1335261253 Label:SP_Checkpoint SpatiallyLoaded:1 Bounds:IsValid=true, Min=(X=853.194 Y=1063.194 Z=13.194), Max=(X=946.806 Y=1156.806 Z=106.806) RuntimeGrid:None EditorOnly:0 RuntimeOnly:0 HLODRelevant:0 ListedInSceneOutliner:1 IsMainWorldOnly:0
 |   |   |- [+] [ 24]
 |   |   |   |- Guid:7DB1BA1E47EB33A720AD73AEA9CC016B BaseClass:/Game/Corregir/Blueprints/Actors/BP_Cannon.BP_Cannon_C NativeClass:/Script/Engine.Actor Name:BP_Cannon_C_UAID_7C66EFF3D820536D02_2031802214 Label:BP_Cannon5 SpatiallyLoaded:1 Bounds:IsValid=true, Min=(X=1230.000 Y=-2080.000 Z=60.000), Max=(X=1470.000 Y=-1920.000 Z=220.000) RuntimeGrid:None EditorOnly:0 RuntimeOnly:0 HLODRelevant:0 ListedInSceneOutliner:1 IsMainWorldOnly:0
 |   |   |- [+] [ 25]
 |   |   |   |- Guid:7DEE056D4B1CD52DC72A8794DF76B8F4 BaseClass: NativeClass:/Script/Engine.StaticMeshActor Name:StaticMeshActor_UAID_7C66EFF3D820416D02_1812754060 Label:Cone5 SpatiallyLoaded:1 Bounds:IsValid=true, Min=(X=224.125 Y=-2045.875 Z=94.125), Max=(X=315.875 Y=-1954.125 Z=185.875) RuntimeGrid:None EditorOnly:0 RuntimeOnly:0 HLODRelevant:1 ListedInSceneOutliner:1 IsMainWorldOnly:0
 |   |   |- [+] [ 26]
 |   |   |   |- Guid:7F4DA5EF4E182876B23EDF90B8FA4C42 BaseClass:/Game/Corregir/Blueprints/Actors/Bp_MovingPlatform.Bp_MovingPlatform_C NativeClass:/Script/Engine.Actor Name:Bp_MovingPlatform_C_UAID_7C66EFF3D8202A6F02_2088575106 Label:Bp_MovingPlatform3 SpatiallyLoaded:1 Bounds:IsValid=true, Min=(X=970.000 Y=2420.000 Z=234.000), Max=(X=1290.000 Y=2740.000 Z=250.000) RuntimeGrid:None EditorOnly:0 RuntimeOnly:0 HLODRelevant:0 ListedInSceneOutliner:1 IsMainWorldOnly:0
 |   |   |- [+] [ 27]
 |   |   |   |- Guid:897376694AFE806576E2208A82B3AC9A BaseClass: NativeClass:/Script/Engine.StaticMeshActor Name:StaticMeshActor_UAID_7C66EFF3D820416D02_1553140045 Label:Cube5 SpatiallyLoaded:1 Bounds:IsValid=true, Min=(X=559.375 Y=-2360.000 Z=-10.000), Max=(X=1300.625 Y=640.000 Z=10.000) RuntimeGrid:None EditorOnly:0 RuntimeOnly:0 HLODRelevant:1 ListedInSceneOutliner:1 IsMainWorldOnly:0
 |   |   |- [+] [ 28]
 |   |   |   |- Guid:8A775F214219680B0CB56D876C9CF899 BaseClass: NativeClass:/Script/Engine.StaticMeshActor Name:StaticMeshActor_UAID_7C66EFF3D820416D02_1703260052 Label:Cube12 SpatiallyLoaded:1 Bounds:IsValid=true, Min=(X=124.750 Y=-350.000 Z=90.000), Max=(X=315.250 Y=-250.000 Z=190.000) RuntimeGrid:None EditorOnly:0 RuntimeOnly:0 HLODRelevant:1 ListedInSceneOutliner:1 IsMainWorldOnly:0
 |   |   |- [+] [ 29]
 |   |   |   |- Guid:8EA8E2EC42ACE55CD306F0A02BB7A479 BaseClass:/Game/Corregir/Blueprints/Actors/Sp_Void_Blueprint.Sp_Void_Blueprint_C NativeClass:/Script/Engine.TriggerSphere Name:Sp_Void_Blueprint_C_UAID_7C66EFF3D820276F02_1593954575 Label:Sp_Void_Blueprint SpatiallyLoaded:1 Bounds:IsValid=true, Min=(X=-639130.000 Y=-640690.019 Z=-282.000), Max=(X=640870.000 Y=639310.019 Z=-218.000) RuntimeGrid:None EditorOnly:0 RuntimeOnly:0 HLODRelevant:0 ListedInSceneOutliner:1 IsMainWorldOnly:0
 |   |   |- [+] [ 30]
 |   |   |   |- Guid:90DA3D7341FA404974FA1CBBA9F31BC9 BaseClass: NativeClass:/Script/Engine.StaticMeshActor Name:StaticMeshActor_UAID_7C66EFF3D820416D02_2076602072 Label:Cube20 SpatiallyLoaded:1 Bounds:IsValid=true, Min=(X=4553.750 Y=293.500 Z=580.000), Max=(X=4686.250 Y=1906.500 Z=2580.000) RuntimeGrid:None EditorOnly:0 RuntimeOnly:0 HLODRelevant:1 ListedInSceneOutliner:1 IsMainWorldOnly:0
 |   |   |- [+] [ 31]
 |   |   |   |- Guid:950C282640C6B46085194289A6D92CD1 BaseClass:/Game/Corregir/Blueprints/Actors/BP_Cannon.BP_Cannon_C NativeClass:/Script/Engine.Actor Name:BP_Cannon_C_UAID_7C66EFF3D820536D02_1999818211 Label:BP_Cannon2 SpatiallyLoaded:1 Bounds:IsValid=true, Min=(X=1230.000 Y=-380.000 Z=60.000), Max=(X=1470.000 Y=-220.000 Z=220.000) RuntimeGrid:None EditorOnly:0 RuntimeOnly:0 HLODRelevant:0 ListedInSceneOutliner:1 IsMainWorldOnly:0
 |   |   |- [+] [ 32]
 |   |   |   |- Guid:A1C3945A4572A5E80EBF0E8BBAB077EE BaseClass: NativeClass:/Script/Engine.ExponentialHeightFog Name:ExponentialHeightFog_0 Label:ExponentialHeightFog SpatiallyLoaded:0 Bounds:IsValid=true, Min=(X=-5600.000 Y=-50.000 Z=-6850.000), Max=(X=-5600.000 Y=-50.000 Z=-6850.000) RuntimeGrid:None EditorOnly:0 RuntimeOnly:0 HLODRelevant:0 ListedInSceneOutliner:1 IsMainWorldOnly:0 FolderPath:Lighting FolderGuid:963EC3EB4002CCE9759E2EBA541A873A
 |   |   |- [+] [ 33]
 |   |   |   |- Guid:A378573D4705F7A5DF503F9203B7B17A BaseClass: NativeClass:/Script/Engine.StaticMeshActor Name:StaticMeshActor_UAID_7C66EFF3D820416D02_1821149061 Label:Cone6 SpatiallyLoaded:1 Bounds:IsValid=true, Min=(X=1474.125 Y=-345.875 Z=94.125), Max=(X=1565.875 Y=-254.125 Z=185.875) RuntimeGrid:None EditorOnly:0 RuntimeOnly:0 HLODRelevant:1 ListedInSceneOutliner:1 IsMainWorldOnly:0
 |   |   |- [+] [ 34]
 |   |   |   |- Guid:B33C6F184450C929FFD316B4FC5F1914 BaseClass: NativeClass:/Script/Engine.StaticMeshActor Name:StaticMeshActor_UAID_A4AE111137DC5EFB00_1110535423 Label:SM_SkySphere SpatiallyLoaded:0 Bounds:IsValid=true, Min=(X=-1638400.000 Y=-1638750.000 Z=-1638400.000), Max=(X=1638400.000 Y=1638050.000 Z=1638400.000) RuntimeGrid:None EditorOnly:0 RuntimeOnly:0 HLODRelevant:0 ListedInSceneOutliner:1 IsMainWorldOnly:0 FolderPath:Lighting FolderGuid:963EC3EB4002CCE9759E2EBA541A873A
 |   |   |- [+] [ 35]
 |   |   |   |- Guid:B4FC92D04BEF7F53BEE86EAF7B7FC458 BaseClass: NativeClass:/Script/Engine.StaticMeshActor Name:StaticMeshActor_UAID_7C66EFF3D820416D02_1892920066 Label:Cube16 SpatiallyLoaded:1 Bounds:IsValid=true, Min=(X=637.375 Y=-3152.625 Z=90.492), Max=(X=1222.625 Y=-2567.375 Z=129.508) RuntimeGrid:None EditorOnly:0 RuntimeOnly:0 HLODRelevant:1 ListedInSceneOutliner:1 IsMainWorldOnly:0
 |   |   |- [+] [ 36]
 |   |   |   |- Guid:B67BD3D14BCEA0E9671870AF3CA3CC03 BaseClass: NativeClass:/Script/Engine.StaticMeshActor Name:StaticMeshActor_UAID_7C66EFF3D820416D02_1920077067 Label:Cube17 SpatiallyLoaded:1 Bounds:IsValid=true, Min=(X=637.375 Y=-4112.625 Z=90.492), Max=(X=1222.625 Y=-3527.375 Z=129.508) RuntimeGrid:None EditorOnly:0 RuntimeOnly:0 HLODRelevant:1 ListedInSceneOutliner:1 IsMainWorldOnly:0
 |   |   |- [+] [ 37]
 |   |   |   |- Guid:B87F1A2B416DC0360DE87B970003C460 BaseClass: NativeClass:/Script/Engine.PlayerStart Name:PlayerStart_0 Label:PlayerStart SpatiallyLoaded:0 Bounds:IsValid=true, Min=(X=860.000 Y=1070.000 Z=170.013), Max=(X=940.000 Y=1150.000 Z=354.013) RuntimeGrid:None EditorOnly:0 RuntimeOnly:0 HLODRelevant:0 ListedInSceneOutliner:1 IsMainWorldOnly:0
 |   |   |- [+] [ 38]
 |   |   |   |- Guid:BC4B984044836B7A699F33A34DFB41FA BaseClass: NativeClass:/Script/Engine.StaticMeshActor Name:StaticMeshActor_UAID_7C66EFF3D820416D02_2048460071 Label:Cube19 SpatiallyLoaded:1 Bounds:IsValid=true, Min=(X=3679.875 Y=-390.000 Z=580.000), Max=(X=6180.125 Y=2610.000 Z=600.000) RuntimeGrid:None EditorOnly:0 RuntimeOnly:0 HLODRelevant:1 ListedInSceneOutliner:1 IsMainWorldOnly:0
 |   |   |- [+] [ 39]
 |   |   |   |- Guid:C41AF4424F65C69CE6CB05AF56B09A5C BaseClass: NativeClass:/Script/Engine.StaticMeshActor Name:StaticMeshActor_UAID_7C66EFF3D820416D02_1797016057 Label:Cone2 SpatiallyLoaded:1 Bounds:IsValid=true, Min=(X=224.125 Y=-345.875 Z=94.125), Max=(X=315.875 Y=-254.125 Z=185.875) RuntimeGrid:None EditorOnly:0 RuntimeOnly:0 HLODRelevant:1 ListedInSceneOutliner:1 IsMainWorldOnly:0
 |   |   |- [+] [ 40]
 |   |   |   |- Guid:C621EE33448B5739B08785996A56FD01 BaseClass: NativeClass:/Script/Engine.StaticMeshActor Name:StaticMeshActor_UAID_7C66EFF3D820416D02_1751246056 Label:Cone SpatiallyLoaded:1 Bounds:IsValid=true, Min=(X=224.125 Y=254.125 Z=94.125), Max=(X=315.875 Y=345.875 Z=185.875) RuntimeGrid:None EditorOnly:0 RuntimeOnly:0 HLODRelevant:1 ListedInSceneOutliner:1 IsMainWorldOnly:0
 |   |   |- [+] [ 41]
 |   |   |   |- Guid:C638C3864E8ACBFC15F5A197F873B38B BaseClass:/Game/Corregir/Blueprints/Actors/BP_Jetpack.BP_Jetpack_C NativeClass:/Script/Engine.Actor Name:BP_Jetpack_C_UAID_7C66EFF3D8204C6D02_1357370975 Label:BP_Jetpack SpatiallyLoaded:1 Bounds:IsValid=true, Min=(X=844.104 Y=3004.104 Z=254.104), Max=(X=1035.896 Y=3195.896 Z=445.896) RuntimeGrid:None EditorOnly:0 RuntimeOnly:0 HLODRelevant:0 ListedInSceneOutliner:1 IsMainWorldOnly:0
 |   |   |- [+] [ 42]
 |   |   |   |- Guid:CC65641947777CDFCEC32286412BF042 BaseClass:/Game/Corregir/Blueprints/Actors/BP_Cannon.BP_Cannon_C NativeClass:/Script/Engine.Actor Name:BP_Cannon_C_UAID_7C66EFF3D820536D02_2017288212 Label:BP_Cannon3 SpatiallyLoaded:1 Bounds:IsValid=true, Min=(X=1230.000 Y=-980.000 Z=60.000), Max=(X=1470.000 Y=-820.000 Z=220.000) RuntimeGrid:None EditorOnly:0 RuntimeOnly:0 HLODRelevant:0 ListedInSceneOutliner:1 IsMainWorldOnly:0
 |   |   |- [+] [ 43]
 |   |   |   |- Guid:CD36D16346A2FF86425759890DBD2B11 BaseClass: NativeClass:/Script/Engine.StaticMeshActor Name:StaticMeshActor_UAID_7C66EFF3D820416D02_1091481040 Label:Plane SpatiallyLoaded:1 Bounds:IsValid=true, Min=(X=744.000 Y=954.000 Z=-0.000), Max=(X=1056.000 Y=1266.000 Z=0.000) RuntimeGrid:None EditorOnly:0 RuntimeOnly:0 HLODRelevant:1 ListedInSceneOutliner:1 IsMainWorldOnly:0
 |   |   |- [+] [ 44]
 |   |   |   |- Guid:D43FC0704C7175C83DECB192D13813A2 BaseClass: NativeClass:/Script/Engine.StaticMeshActor Name:StaticMeshActor_UAID_7C66EFF3D820416D02_2140499074 Label:Cube21 SpatiallyLoaded:1 Bounds:IsValid=true, Min=(X=4553.500 Y=1773.750 Z=580.000), Max=(X=6166.500 Y=1906.250 Z=2580.000) RuntimeGrid:None EditorOnly:0 RuntimeOnly:0 HLODRelevant:1 ListedInSceneOutliner:1 IsMainWorldOnly:0
 |   |   |- [+] [ 45]
 |   |   |   |- Guid:D73CD7014FCF92DD56D843A27E701149 BaseClass: NativeClass:/Script/Engine.SkyLight Name:SkyLight_1 Label:SkyLight SpatiallyLoaded:0 Bounds:IsValid=true, Min=(X=0.000 Y=0.000 Z=690.000), Max=(X=0.000 Y=0.000 Z=690.000) RuntimeGrid:None EditorOnly:0 RuntimeOnly:0 HLODRelevant:0 ListedInSceneOutliner:1 IsMainWorldOnly:0 FolderPath:Lighting FolderGuid:963EC3EB4002CCE9759E2EBA541A873A
 |   |   |- [+] [ 46]
 |   |   |   |- Guid:D8F0B34247AFF2AF1FE8FCA1A7064390 BaseClass:/Game/Corregir/Blueprints/Actors/BP_Cannon.BP_Cannon_C NativeClass:/Script/Engine.Actor Name:BP_Cannon_C_UAID_7C66EFF3D820536D02_2076215215 Label:BP_Cannon6 SpatiallyLoaded:1 Bounds:IsValid=true, Min=(X=310.000 Y=218.470 Z=48.470), Max=(X=550.000 Y=401.530 Z=231.530) RuntimeGrid:None EditorOnly:0 RuntimeOnly:0 HLODRelevant:0 ListedInSceneOutliner:1 IsMainWorldOnly:0
 |   |   |- [+] [ 47]
 |   |   |   |- Guid:D96FAF49427CB95FC8BA0981664D7D9A BaseClass: NativeClass:/Script/Engine.StaticMeshActor Name:StaticMeshActor_UAID_7C66EFF3D820416D02_1703258051 Label:Cube11 SpatiallyLoaded:1 Bounds:IsValid=true, Min=(X=124.750 Y=250.000 Z=90.000), Max=(X=315.250 Y=350.000 Z=190.000) RuntimeGrid:None EditorOnly:0 RuntimeOnly:0 HLODRelevant:1 ListedInSceneOutliner:1 IsMainWorldOnly:0
 |   |   |- [+] [ 48]
 |   |   |   |- Guid:DC61D60B45D65C28CCEB2192826409E8 BaseClass:/Game/Corregir/Blueprints/Actors/BP_Cannon.BP_Cannon_C NativeClass:/Script/Engine.Actor Name:BP_Cannon_C_UAID_7C66EFF3D820536D02_2076218216 Label:BP_Cannon7 SpatiallyLoaded:1 Bounds:IsValid=true, Min=(X=310.000 Y=-370.000 Z=60.000), Max=(X=550.000 Y=-210.000 Z=220.000) RuntimeGrid:None EditorOnly:0 RuntimeOnly:0 HLODRelevant:0 ListedInSceneOutliner:1 IsMainWorldOnly:0
 |   |   |- [+] [ 49]
 |   |   |   |- Guid:DD9D19784E4BF55CB1AC57B02A976307 BaseClass: NativeClass:/Script/Engine.StaticMeshActor Name:StaticMeshActor_UAID_7C66EFF3D820416D02_1954738068 Label:Cube18 SpatiallyLoaded:1 Bounds:IsValid=true, Min=(X=499.625 Y=-4793.625 Z=100.000), Max=(X=1360.375 Y=-4506.375 Z=120.000) RuntimeGrid:None EditorOnly:0 RuntimeOnly:0 HLODRelevant:1 ListedInSceneOutliner:1 IsMainWorldOnly:0
 |   |   |- [+] [ 50]
 |   |   |   |- Guid:E2C3C4AE43E5BB8C6FF0DEBAE2E6B815 BaseClass:/Game/Corregir/Blueprints/Actors/BP_Cannon.BP_Cannon_C NativeClass:/Script/Engine.Actor Name:BP_Cannon_C_UAID_7C66EFF3D820536D02_2076219217 Label:BP_Cannon8 SpatiallyLoaded:1 Bounds:IsValid=true, Min=(X=310.000 Y=-970.000 Z=60.000), Max=(X=550.000 Y=-810.000 Z=220.000) RuntimeGrid:None EditorOnly:0 RuntimeOnly:0 HLODRelevant:0 ListedInSceneOutliner:1 IsMainWorldOnly:0
 |   |   |- [+] [ 51]
 |   |   |   |- Guid:E6D1A6D14CFB56EEBD7D36A839775180 BaseClass: NativeClass:/Script/Engine.StaticMeshActor Name:StaticMeshActor_UAID_7C66EFF3D820416D02_1664055048 Label:Cube8 SpatiallyLoaded:1 Bounds:IsValid=true, Min=(X=1474.750 Y=-950.000 Z=90.000), Max=(X=1665.250 Y=-850.000 Z=190.000) RuntimeGrid:None EditorOnly:0 RuntimeOnly:0 HLODRelevant:1 ListedInSceneOutliner:1 IsMainWorldOnly:0
 |   |   |- [+] [ 52]
 |   |   |   |- Guid:EDC344F84D54FF4B44C7DA8DD8EB5B1D BaseClass: NativeClass:/Script/Engine.StaticMeshActor Name:StaticMeshActor_UAID_7C66EFF3D820416D02_1998093069 Label:Cylinder SpatiallyLoaded:1 Bounds:IsValid=true, Min=(X=1591.571 Y=940.150 Z=241.968), Max=(X=1991.571 Y=1340.150 Z=266.468) RuntimeGrid:None EditorOnly:0 RuntimeOnly:0 HLODRelevant:1 ListedInSceneOutliner:1 IsMainWorldOnly:0
 |   |   |- [+] [ 53]
 |   |   |   |- Guid:F092A03043DA26444647A0B0A5345CC3 BaseClass: NativeClass:/Script/Engine.StaticMeshActor Name:StaticMeshActor_UAID_7C66EFF3D820416D02_1611214046 Label:Cube6 SpatiallyLoaded:1 Bounds:IsValid=true, Min=(X=1474.750 Y=250.000 Z=90.000), Max=(X=1665.250 Y=350.000 Z=190.000) RuntimeGrid:None EditorOnly:0 RuntimeOnly:0 HLODRelevant:1 ListedInSceneOutliner:1 IsMainWorldOnly:0
 |   |   |- [+] [ 54]
 |   |   |   |- Guid:F106DCB8419D96CC7D815AB5BC1F1C1D BaseClass:/Game/Corregir/Blueprints/Actors/BP_RunningBoots.BP_RunningBoots_C NativeClass:/Script/Engine.Actor Name:BP_RunningBoots_C_UAID_7C66EFF3D820466D02_1852993959 Label:BP_RunningBoots SpatiallyLoaded:1 Bounds:IsValid=true, Min=(X=917.604 Y=-4722.396 Z=137.604), Max=(X=962.396 Y=-4677.604 Z=182.396) RuntimeGrid:None EditorOnly:0 RuntimeOnly:0 HLODRelevant:0 ListedInSceneOutliner:1 IsMainWorldOnly:0
 |   |   |- [+] [ 55]
 |   |   |   |- Guid:F228178D404927E25DF2B88745DC3EA1 BaseClass:/Game/Corregir/Blueprints/Actors/BP_Cannon.BP_Cannon_C NativeClass:/Script/Engine.Actor Name:BP_Cannon_C_UAID_7C66EFF3D820536D02_1964551210 Label:BP_Cannon SpatiallyLoaded:1 Bounds:IsValid=true, Min=(X=1230.000 Y=220.000 Z=60.000), Max=(X=1470.000 Y=380.000 Z=220.000) RuntimeGrid:None EditorOnly:0 RuntimeOnly:0 HLODRelevant:0 ListedInSceneOutliner:1 IsMainWorldOnly:0
 |   |   |- [+] [ 56]
 |   |   |   |- Guid:F5FAD6004DA5A13DBFBCD9B8892FCD3F BaseClass: NativeClass:/Script/Engine.PostProcessVolume Name:PostProcessVolume_0 Label:PostProcessVolume SpatiallyLoaded:0 Bounds:IsValid=true, Min=(X=0.000 Y=0.000 Z=400.000), Max=(X=200.000 Y=200.000 Z=600.000) RuntimeGrid:None EditorOnly:0 RuntimeOnly:0 HLODRelevant:0 ListedInSceneOutliner:1 IsMainWorldOnly:0 FolderPath:Lighting FolderGuid:963EC3EB4002CCE9759E2EBA541A873A
 |   |   |- [+] [ 57]
 |   |   |   |- Guid:F89C82B14D69572EE6E4C8A47BA226CC BaseClass: NativeClass:/Script/Engine.StaticMeshActor Name:StaticMeshActor_UAID_7C66EFF3D820416D02_2036416070 Label:Cylinder2 SpatiallyLoaded:1 Bounds:IsValid=true, Min=(X=2751.571 Y=940.150 Z=241.968), Max=(X=3151.571 Y=1340.150 Z=266.468) RuntimeGrid:None EditorOnly:0 RuntimeOnly:0 HLODRelevant:1 ListedInSceneOutliner:1 IsMainWorldOnly:0
 |   |   |- [+] [ 58]
 |   |   |   |- Guid:F9261A6C4EEDA1FB645137BB32E364AA BaseClass: NativeClass:/Script/Engine.StaticMeshActor Name:StaticMeshActor_UAID_7C66EFF3D820416D02_1855143064 Label:Cone9 SpatiallyLoaded:1 Bounds:IsValid=true, Min=(X=1474.125 Y=-1545.875 Z=94.125), Max=(X=1565.875 Y=-1454.125 Z=185.875) RuntimeGrid:None EditorOnly:0 RuntimeOnly:0 HLODRelevant:1 ListedInSceneOutliner:1 IsMainWorldOnly:0
 |   |   |- [+] [ 59]
 |   |   |   |- Guid:FD63FDBE4F8E56693F917E8857B53CFF BaseClass: NativeClass:/Script/Engine.StaticMeshActor Name:StaticMeshActor_UAID_7C66EFF3D820416D02_1804005058 Label:Cone3 SpatiallyLoaded:1 Bounds:IsValid=true, Min=(X=224.125 Y=-945.875 Z=94.125), Max=(X=315.875 Y=-854.125 Z=185.875) RuntimeGrid:None EditorOnly:0 RuntimeOnly:0 HLODRelevant:1 ListedInSceneOutliner:1 IsMainWorldOnly:0
 |- ContainerInstances:
 |- [+] MainContainer:
 |   |-        ID: 00000000000000000000000000000000
 |   |-  ParentID: 00000000000000000000000000000000
 |   |-    Bounds: IsValid=false, Min=(X=0.000 Y=0.000 Z=0.000), Max=(X=0.000 Y=0.000 Z=0.000)
 |   |- Transform: 0.000000,0.000000,0.000000|0.000000,0.000000,-0.000000|1.000000,1.000000,1.000000
 |   |- Container: /Game/Corregir/Mapas/MainMap
----------------------------------------------------------------------------------------------------------------
MainMap - Persistent Level
----------------------------------------------------------------------------------------------------------------
[+] Content of MainMap Persistent Level
 |- Always loaded Actor Count: 60 
 |- Actor Path: /Game/Corregir/Mapas/MainMap.MainMap:PersistentLevel.BP_Cannon_C_UAID_7C66EFF3D820536D02_1964551210
 |- Actor Package: /Game/__ExternalActors__/Corregir/Mapas/MainMap/3/U6/NIN2QM8W3JBS38MLKTWSM9
 |- Actor Path: /Game/Corregir/Mapas/MainMap.MainMap:PersistentLevel.BP_Cannon_C_UAID_7C66EFF3D820536D02_1999818211
 |- Actor Package: /Game/__ExternalActors__/Corregir/Mapas/MainMap/B/UI/SUL64KEXI0E6KFQYONIMNY
 |- Actor Path: /Game/Corregir/Mapas/MainMap.MainMap:PersistentLevel.BP_Cannon_C_UAID_7C66EFF3D820536D02_2017288212
 |- Actor Package: /Game/__ExternalActors__/Corregir/Mapas/MainMap/9/BI/XLTV5X7SB9UOPOY77AWIJY
 |- Actor Path: /Game/Corregir/Mapas/MainMap.MainMap:PersistentLevel.BP_Cannon_C_UAID_7C66EFF3D820536D02_2022493213
 |- Actor Package: /Game/__ExternalActors__/Corregir/Mapas/MainMap/7/AT/M7AOKGQDYNCK7DKHBK5TYQ
 |- Actor Path: /Game/Corregir/Mapas/MainMap.MainMap:PersistentLevel.BP_Cannon_C_UAID_7C66EFF3D820536D02_2031802214
 |- Actor Package: /Game/__ExternalActors__/Corregir/Mapas/MainMap/2/ZK/WHQHFAZKZPJVAD3DS1ERT8
 |- Actor Path: /Game/Corregir/Mapas/MainMap.MainMap:PersistentLevel.BP_Cannon_C_UAID_7C66EFF3D820536D02_2076215215
 |- Actor Package: /Game/__ExternalActors__/Corregir/Mapas/MainMap/8/TI/LA39R5WOZ212GI805ZTTKB
 |- Actor Path: /Game/Corregir/Mapas/MainMap.MainMap:PersistentLevel.BP_Cannon_C_UAID_7C66EFF3D820536D02_2076218216
 |- Actor Package: /Game/__ExternalActors__/Corregir/Mapas/MainMap/E/0Q/I2LEEFOWD46HPM526U2XE2
 |- Actor Path: /Game/Corregir/Mapas/MainMap.MainMap:PersistentLevel.BP_Cannon_C_UAID_7C66EFF3D820536D02_2076219217
 |- Actor Package: /Game/__ExternalActors__/Corregir/Mapas/MainMap/0/YN/HE2SWTFMBWGCOLJP1HCC3L
 |- Actor Path: /Game/Corregir/Mapas/MainMap.MainMap:PersistentLevel.BP_Cannon_C_UAID_7C66EFF3D820536D02_2076220218
 |- Actor Package: /Game/__ExternalActors__/Corregir/Mapas/MainMap/6/W7/SDZJBIY0QJY5LMGIGFL4RW
 |- Actor Path: /Game/Corregir/Mapas/MainMap.MainMap:PersistentLevel.BP_Cannon_C_UAID_7C66EFF3D820536D02_2076221219
 |- Actor Package: /Game/__ExternalActors__/Corregir/Mapas/MainMap/2/PQ/KDRY9NWUZOYF4IYLMZ2RFZ
 |- Actor Path: /Game/Corregir/Mapas/MainMap.MainMap:PersistentLevel.BP_Jetpack_C_UAID_7C66EFF3D8204C6D02_1357370975
 |- Actor Package: /Game/__ExternalActors__/Corregir/Mapas/MainMap/0/2Z/DKZ0ENSEDC5XYB2PZ2RPC4
 |- Actor Path: /Game/Corregir/Mapas/MainMap.MainMap:PersistentLevel.Bp_MovingPlatform_C_UAID_7C66EFF3D8202A6F02_2024370104
 |- Actor Package: /Game/__ExternalActors__/Corregir/Mapas/MainMap/D/US/70MS8F4WFSGD3NHVCYQSKY
 |- Actor Path: /Game/Corregir/Mapas/MainMap.MainMap:PersistentLevel.Bp_MovingPlatform_C_UAID_7C66EFF3D8202A6F02_2082281105
 |- Actor Package: /Game/__ExternalActors__/Corregir/Mapas/MainMap/C/8L/71Q6K4H9S83XC17NWGEC0W
 |- Actor Path: /Game/Corregir/Mapas/MainMap.MainMap:PersistentLevel.Bp_MovingPlatform_C_UAID_7C66EFF3D8202A6F02_2088575106
 |- Actor Package: /Game/__ExternalActors__/Corregir/Mapas/MainMap/5/4L/FY1IJ9M9HW1LHHAXFFZ44E
 |- Actor Path: /Game/Corregir/Mapas/MainMap.MainMap:PersistentLevel.BP_RunningBoots_C_UAID_7C66EFF3D820466D02_1852993959
 |- Actor Package: /Game/__ExternalActors__/Corregir/Mapas/MainMap/5/CD/WBPS351ZT3BL46ILZIA2GU
 |- Actor Path: /Game/Corregir/Mapas/MainMap.MainMap:PersistentLevel.DirectionalLight_0
 |- Actor Package: /Game/__ExternalActors__/Corregir/Mapas/MainMap/6/8A/JPGBO273PS47T2BPTF2T9E
 |- Actor Path: /Game/Corregir/Mapas/MainMap.MainMap:PersistentLevel.ExponentialHeightFog_0
 |- Actor Package: /Game/__ExternalActors__/Corregir/Mapas/MainMap/1/VG/1IJ5YO3DHOU6G1RYY4ACKI
 |- Actor Path: /Game/Corregir/Mapas/MainMap.MainMap:PersistentLevel.PlayerStart_0
 |- Actor Package: /Game/__ExternalActors__/Corregir/Mapas/MainMap/9/Z7/S5F5H8PZP0DKR2PWVL6JXG
 |- Actor Path: /Game/Corregir/Mapas/MainMap.MainMap:PersistentLevel.PostProcessVolume_0
 |- Actor Package: /Game/__ExternalActors__/Corregir/Mapas/MainMap/7/N9/8H3AWY0KJ8AWJ79UTZADO1
 |- Actor Path: /Game/Corregir/Mapas/MainMap.MainMap:PersistentLevel.SkyAtmosphere_0
 |- Actor Package: /Game/__ExternalActors__/Corregir/Mapas/MainMap/F/4H/25GB1ZBAYLEYR6V9SYEHCX
 |- Actor Path: /Game/Corregir/Mapas/MainMap.MainMap:PersistentLevel.SkyLight_1
 |- Actor Package: /Game/__ExternalActors__/Corregir/Mapas/MainMap/2/KN/FPHEDE8K6YX3T2G28BSCRY
 |- Actor Path: /Game/Corregir/Mapas/MainMap.MainMap:PersistentLevel.Sp_Void_Blueprint_C_UAID_7C66EFF3D820276F02_1593954575
 |- Actor Package: /Game/__ExternalActors__/Corregir/Mapas/MainMap/C/GG/RIM95VICUAIMDPH4Q4JQBK
 |- Actor Path: /Game/Corregir/Mapas/MainMap.MainMap:PersistentLevel.StaticMeshActor_UAID_7C66EFF3D820406D02_2075800863
 |- Actor Package: /Game/__ExternalActors__/Corregir/Mapas/MainMap/B/1C/0412KZCLMRDU2G71N74DTR
 |- Actor Path: /Game/Corregir/Mapas/MainMap.MainMap:PersistentLevel.StaticMeshActor_UAID_7C66EFF3D820416D02_1091481040
 |- Actor Package: /Game/__ExternalActors__/Corregir/Mapas/MainMap/C/KW/5JRCTFXJMZPY26U49LH222
 |- Actor Path: /Game/Corregir/Mapas/MainMap.MainMap:PersistentLevel.StaticMeshActor_UAID_7C66EFF3D820416D02_1475022044
 |- Actor Package: /Game/__ExternalActors__/Corregir/Mapas/MainMap/D/2B/F3RKDOUGCPIXVAY48E32DN
 |- Actor Path: /Game/Corregir/Mapas/MainMap.MainMap:PersistentLevel.StaticMeshActor_UAID_7C66EFF3D820416D02_1553140045
 |- Actor Package: /Game/__ExternalActors__/Corregir/Mapas/MainMap/2/C6/T98TFMDE85EU1G9H09N4MS
 |- Actor Path: /Game/Corregir/Mapas/MainMap.MainMap:PersistentLevel.StaticMeshActor_UAID_7C66EFF3D820416D02_1611214046
 |- Actor Package: /Game/__ExternalActors__/Corregir/Mapas/MainMap/A/U0/IVNGGLQYPXDHK76GZ1CW9A
 |- Actor Path: /Game/Corregir/Mapas/MainMap.MainMap:PersistentLevel.StaticMeshActor_UAID_7C66EFF3D820416D02_1634338047
 |- Actor Package: /Game/__ExternalActors__/Corregir/Mapas/MainMap/E/PW/QSSP1J0UK4XMECYT5J1072
 |- Actor Path: /Game/Corregir/Mapas/MainMap.MainMap:PersistentLevel.StaticMeshActor_UAID_7C66EFF3D820416D02_1664055048
 |- Actor Package: /Game/__ExternalActors__/Corregir/Mapas/MainMap/C/YK/Q2VNN3J0M0ILW62S58HYR1
 |- Actor Path: /Game/Corregir/Mapas/MainMap.MainMap:PersistentLevel.StaticMeshActor_UAID_7C66EFF3D820416D02_1684184049
 |- Actor Package: /Game/__ExternalActors__/Corregir/Mapas/MainMap/3/EU/R4J8CV39Q35KTY4C1WV7IQ
 |- Actor Path: /Game/Corregir/Mapas/MainMap.MainMap:PersistentLevel.StaticMeshActor_UAID_7C66EFF3D820416D02_1691825050
 |- Actor Package: /Game/__ExternalActors__/Corregir/Mapas/MainMap/2/2Y/SDD5HI4TR99PNL35Z46LHF
 |- Actor Path: /Game/Corregir/Mapas/MainMap.MainMap:PersistentLevel.StaticMeshActor_UAID_7C66EFF3D820416D02_1703258051
 |- Actor Package: /Game/__ExternalActors__/Corregir/Mapas/MainMap/2/2F/8S1XHIRY8RVYGPU65O1V2A
 |- Actor Path: /Game/Corregir/Mapas/MainMap.MainMap:PersistentLevel.StaticMeshActor_UAID_7C66EFF3D820416D02_1703260052
 |- Actor Package: /Game/__ExternalActors__/Corregir/Mapas/MainMap/6/WP/4KTAQMR8FY2PNO5BX8XEO7
 |- Actor Path: /Game/Corregir/Mapas/MainMap.MainMap:PersistentLevel.StaticMeshActor_UAID_7C66EFF3D820416D02_1703261053
 |- Actor Package: /Game/__ExternalActors__/Corregir/Mapas/MainMap/6/51/FOBISS4D8W7PEJVH6YJ0VK
 |- Actor Path: /Game/Corregir/Mapas/MainMap.MainMap:PersistentLevel.StaticMeshActor_UAID_7C66EFF3D820416D02_1703262054
 |- Actor Package: /Game/__ExternalActors__/Corregir/Mapas/MainMap/3/SE/4WA4X30FXB2TU40Q6WMN9D
 |- Actor Path: /Game/Corregir/Mapas/MainMap.MainMap:PersistentLevel.StaticMeshActor_UAID_7C66EFF3D820416D02_1703263055
 |- Actor Package: /Game/__ExternalActors__/Corregir/Mapas/MainMap/C/NB/RZA0JESU933JHOOPBU0AT0
 |- Actor Path: /Game/Corregir/Mapas/MainMap.MainMap:PersistentLevel.StaticMeshActor_UAID_7C66EFF3D820416D02_1751246056
 |- Actor Package: /Game/__ExternalActors__/Corregir/Mapas/MainMap/9/SE/LKTB1DEJNVWKUTEYFC2M21
 |- Actor Path: /Game/Corregir/Mapas/MainMap.MainMap:PersistentLevel.StaticMeshActor_UAID_7C66EFF3D820416D02_1797016057
 |- Actor Package: /Game/__ExternalActors__/Corregir/Mapas/MainMap/1/2C/9CWNISSXIPGZOLS0E6VYV2
 |- Actor Path: /Game/Corregir/Mapas/MainMap.MainMap:PersistentLevel.StaticMeshActor_UAID_7C66EFF3D820416D02_1804005058
 |- Actor Package: /Game/__ExternalActors__/Corregir/Mapas/MainMap/7/ZJ/9VBSH9FD36ATK93KAAVLI9
 |- Actor Path: /Game/Corregir/Mapas/MainMap.MainMap:PersistentLevel.StaticMeshActor_UAID_7C66EFF3D820416D02_1808626059
 |- Actor Package: /Game/__ExternalActors__/Corregir/Mapas/MainMap/4/AI/VXOJ49WH68ZJW3VXVG25CC
 |- Actor Path: /Game/Corregir/Mapas/MainMap.MainMap:PersistentLevel.StaticMeshActor_UAID_7C66EFF3D820416D02_1812754060
 |- Actor Package: /Game/__ExternalActors__/Corregir/Mapas/MainMap/7/D4/X3PEWMTCRXQVCJ7NCKR7O6
 |- Actor Path: /Game/Corregir/Mapas/MainMap.MainMap:PersistentLevel.StaticMeshActor_UAID_7C66EFF3D820416D02_1821149061
 |- Actor Package: /Game/__ExternalActors__/Corregir/Mapas/MainMap/D/68/YT9UWITAK54B0XS0VQYE36
 |- Actor Path: /Game/Corregir/Mapas/MainMap.MainMap:PersistentLevel.StaticMeshActor_UAID_7C66EFF3D820416D02_1840788062
 |- Actor Package: /Game/__ExternalActors__/Corregir/Mapas/MainMap/4/ZI/IWLCC88Q0JIA6RO6NTJGR9
 |- Actor Path: /Game/Corregir/Mapas/MainMap.MainMap:PersistentLevel.StaticMeshActor_UAID_7C66EFF3D820416D02_1848511063
 |- Actor Package: /Game/__ExternalActors__/Corregir/Mapas/MainMap/5/NL/SU482U7LNPQSAQFMSMDQ76
 |- Actor Path: /Game/Corregir/Mapas/MainMap.MainMap:PersistentLevel.StaticMeshActor_UAID_7C66EFF3D820416D02_1855143064
 |- Actor Package: /Game/__ExternalActors__/Corregir/Mapas/MainMap/C/P6/BT0T1AYNCHRT3FPZYO3CH2
 |- Actor Path: /Game/Corregir/Mapas/MainMap.MainMap:PersistentLevel.StaticMeshActor_UAID_7C66EFF3D820416D02_1859423065
 |- Actor Package: /Game/__ExternalActors__/Corregir/Mapas/MainMap/A/WZ/RL3YD8NXYTOQJ2AVW71T53
 |- Actor Path: /Game/Corregir/Mapas/MainMap.MainMap:PersistentLevel.StaticMeshActor_UAID_7C66EFF3D820416D02_1892920066
 |- Actor Package: /Game/__ExternalActors__/Corregir/Mapas/MainMap/E/HG/EHHTHPKDM1PJ5CI66HFMT0
 |- Actor Path: /Game/Corregir/Mapas/MainMap.MainMap:PersistentLevel.StaticMeshActor_UAID_7C66EFF3D820416D02_1920077067
 |- Actor Package: /Game/__ExternalActors__/Corregir/Mapas/MainMap/5/LX/7ZYVMLF74PG8J8FIN3T92P
 |- Actor Path: /Game/Corregir/Mapas/MainMap.MainMap:PersistentLevel.StaticMeshActor_UAID_7C66EFF3D820416D02_1954738068
 |- Actor Package: /Game/__ExternalActors__/Corregir/Mapas/MainMap/2/3H/NKEOMO7R9UTO3UPEPQI3M7
 |- Actor Path: /Game/Corregir/Mapas/MainMap.MainMap:PersistentLevel.StaticMeshActor_UAID_7C66EFF3D820416D02_1998093069
 |- Actor Package: /Game/__ExternalActors__/Corregir/Mapas/MainMap/6/1R/F7EV7NQZZZF29DG7QOWIP1
 |- Actor Path: /Game/Corregir/Mapas/MainMap.MainMap:PersistentLevel.StaticMeshActor_UAID_7C66EFF3D820416D02_2036416070
 |- Actor Package: /Game/__ExternalActors__/Corregir/Mapas/MainMap/C/JB/MT4DLAAKPHYKXUI5G6YD9G
 |- Actor Path: /Game/Corregir/Mapas/MainMap.MainMap:PersistentLevel.StaticMeshActor_UAID_7C66EFF3D820416D02_2048460071
 |- Actor Package: /Game/__ExternalActors__/Corregir/Mapas/MainMap/4/L7/B84O5LOT44ZEVNHOOX3N41
 |- Actor Path: /Game/Corregir/Mapas/MainMap.MainMap:PersistentLevel.StaticMeshActor_UAID_7C66EFF3D820416D02_2076602072
 |- Actor Package: /Game/__ExternalActors__/Corregir/Mapas/MainMap/2/X1/07WBBOX3JSOWFHHUC674U9
 |- Actor Path: /Game/Corregir/Mapas/MainMap.MainMap:PersistentLevel.StaticMeshActor_UAID_7C66EFF3D820416D02_2140499074
 |- Actor Package: /Game/__ExternalActors__/Corregir/Mapas/MainMap/1/B5/DCMLYZY9NXYT1RT4R5XRH0
 |- Actor Path: /Game/Corregir/Mapas/MainMap.MainMap:PersistentLevel.StaticMeshActor_UAID_7C66EFF3D820426D02_1080610251
 |- Actor Package: /Game/__ExternalActors__/Corregir/Mapas/MainMap/0/AT/WM3MW24GDEW9P7JP53VGWQ
 |- Actor Path: /Game/Corregir/Mapas/MainMap.MainMap:PersistentLevel.StaticMeshActor_UAID_7C66EFF3D820426D02_1097232252
 |- Actor Package: /Game/__ExternalActors__/Corregir/Mapas/MainMap/B/39/D57ZFTN9ONL68X8AFD42T2
 |- Actor Path: /Game/Corregir/Mapas/MainMap.MainMap:PersistentLevel.StaticMeshActor_UAID_A4AE111137DC5EFB00_1110535423
 |- Actor Package: /Game/__ExternalActors__/Corregir/Mapas/MainMap/3/GH/40DDT2SYAYZ5GSAPDKE6ZR
 |- Actor Path: /Game/Corregir/Mapas/MainMap.MainMap:PersistentLevel.TriggerSphere_UAID_7C66EFF3D820426D02_1335261253
 |- Actor Package: /Game/__ExternalActors__/Corregir/Mapas/MainMap/4/8L/Q2Z7OSC7E6449L64SWYCR5
 |- Actor Path: /Game/Corregir/Mapas/MainMap.MainMap:PersistentLevel.VolumetricCloud_0
 |- Actor Package: /Game/__ExternalActors__/Corregir/Mapas/MainMap/1/Q0/ICC01XHVBVTUA4NQ2UFKAQ
 |- Actor Path: /Game/Corregir/Mapas/MainMap.MainMap:PersistentLevel.WorldDataLayers
 |- Actor Package: /Game/__ExternalActors__/Corregir/Mapas/MainMap/A/WY/A0WOLUHZ8O6U92YP8DGL2H

----------------------------------------------------------------------------------------------------------------
MainMap - Runtime Hash Set
----------------------------------------------------------------------------------------------------------------

